<?xml version="1.0" encoding="UTF-8"?>
<testsuites>
  <testsuite name="" tests="16" assertions="31" errors="0" warnings="0" failures="0" skipped="0" time="0.660326">
    <testsuite name="Project Test Suite" tests="16" assertions="31" errors="0" warnings="0" failures="0" skipped="0" time="0.660326">
      <testsuite name="App\Card\ActualPlayerTest" file="/mnt/c/Users/robin/Desktop/dbwebb-kurser/mvc/me/report/tests/Card/ActualPlayerTest.php" tests="1" assertions="2" errors="0" warnings="0" failures="0" skipped="0" time="0.382650">
        <testcase name="testCreateActualPlayer" class="App\Card\ActualPlayerTest" classname="App.Card.ActualPlayerTest" file="/mnt/c/Users/robin/Desktop/dbwebb-kurser/mvc/me/report/tests/Card/ActualPlayerTest.php" line="13" assertions="2" time="0.382650"/>
      </testsuite>
      <testsuite name="App\Card\CardTest" file="/mnt/c/Users/robin/Desktop/dbwebb-kurser/mvc/me/report/tests/Card/CardTest.php" tests="1" assertions="3" errors="0" warnings="0" failures="0" skipped="0" time="0.117264">
        <testcase name="testCreateCard" class="App\Card\CardTest" classname="App.Card.CardTest" file="/mnt/c/Users/robin/Desktop/dbwebb-kurser/mvc/me/report/tests/Card/CardTest.php" line="12" assertions="3" time="0.117264"/>
      </testsuite>
      <testsuite name="App\Card\ComputerPlayerTest" file="/mnt/c/Users/robin/Desktop/dbwebb-kurser/mvc/me/report/tests/Card/ComputerPlayerTest.php" tests="1" assertions="2" errors="0" warnings="0" failures="0" skipped="0" time="0.015266">
        <testcase name="testCreateActualPlayer" class="App\Card\ComputerPlayerTest" classname="App.Card.ComputerPlayerTest" file="/mnt/c/Users/robin/Desktop/dbwebb-kurser/mvc/me/report/tests/Card/ComputerPlayerTest.php" line="12" assertions="2" time="0.015266"/>
      </testsuite>
      <testsuite name="App\Card\DeckOfCardTest" file="/mnt/c/Users/robin/Desktop/dbwebb-kurser/mvc/me/report/tests/Card/DeckOfCardsTest.php" tests="6" assertions="10" errors="0" warnings="0" failures="0" skipped="0" time="0.102276">
        <testcase name="testCreateDeckWithoutInputCards" class="App\Card\DeckOfCardTest" classname="App.Card.DeckOfCardTest" file="/mnt/c/Users/robin/Desktop/dbwebb-kurser/mvc/me/report/tests/Card/DeckOfCardsTest.php" line="12" assertions="3" time="0.026247"/>
        <testcase name="testCreateDeckWithInputCards" class="App\Card\DeckOfCardTest" classname="App.Card.DeckOfCardTest" file="/mnt/c/Users/robin/Desktop/dbwebb-kurser/mvc/me/report/tests/Card/DeckOfCardsTest.php" line="22" assertions="2" time="0.001086"/>
        <testcase name="testGetDeckCards" class="App\Card\DeckOfCardTest" classname="App.Card.DeckOfCardTest" file="/mnt/c/Users/robin/Desktop/dbwebb-kurser/mvc/me/report/tests/Card/DeckOfCardsTest.php" line="31" assertions="2" time="0.001367"/>
        <testcase name="testShuffleDeck" class="App\Card\DeckOfCardTest" classname="App.Card.DeckOfCardTest" file="/mnt/c/Users/robin/Desktop/dbwebb-kurser/mvc/me/report/tests/Card/DeckOfCardsTest.php" line="40" assertions="1" time="0.070665"/>
        <testcase name="testRemoveCardAndReturnDeck" class="App\Card\DeckOfCardTest" classname="App.Card.DeckOfCardTest" file="/mnt/c/Users/robin/Desktop/dbwebb-kurser/mvc/me/report/tests/Card/DeckOfCardsTest.php" line="51" assertions="1" time="0.001918"/>
        <testcase name="testGetRandomCardFail" class="App\Card\DeckOfCardTest" classname="App.Card.DeckOfCardTest" file="/mnt/c/Users/robin/Desktop/dbwebb-kurser/mvc/me/report/tests/Card/DeckOfCardsTest.php" line="60" assertions="1" time="0.000993"/>
      </testsuite>
      <testsuite name="App\Card\PlayerTest" file="/mnt/c/Users/robin/Desktop/dbwebb-kurser/mvc/me/report/tests/Card/PlayerTest.php" tests="1" assertions="3" errors="0" warnings="0" failures="0" skipped="0" time="0.000389">
        <testcase name="testCreateActualPlayer" class="App\Card\PlayerTest" classname="App.Card.PlayerTest" file="/mnt/c/Users/robin/Desktop/dbwebb-kurser/mvc/me/report/tests/Card/PlayerTest.php" line="12" assertions="3" time="0.000389"/>
      </testsuite>
      <testsuite name="App\Card\TwentyOneTest" file="/mnt/c/Users/robin/Desktop/dbwebb-kurser/mvc/me/report/tests/Card/TwentyOneTest.php" tests="6" assertions="11" errors="0" warnings="0" failures="0" skipped="0" time="0.042481">
        <testcase name="testCreateTwentyOne" class="App\Card\TwentyOneTest" classname="App.Card.TwentyOneTest" file="/mnt/c/Users/robin/Desktop/dbwebb-kurser/mvc/me/report/tests/Card/TwentyOneTest.php" line="12" assertions="3" time="0.012857"/>
        <testcase name="testPlayerDraw" class="App\Card\TwentyOneTest" classname="App.Card.TwentyOneTest" file="/mnt/c/Users/robin/Desktop/dbwebb-kurser/mvc/me/report/tests/Card/TwentyOneTest.php" line="32" assertions="1" time="0.027367"/>
        <testcase name="testComputerDraw" class="App\Card\TwentyOneTest" classname="App.Card.TwentyOneTest" file="/mnt/c/Users/robin/Desktop/dbwebb-kurser/mvc/me/report/tests/Card/TwentyOneTest.php" line="47" assertions="1" time="0.001248"/>
        <testcase name="testGetCurrentGame" class="App\Card\TwentyOneTest" classname="App.Card.TwentyOneTest" file="/mnt/c/Users/robin/Desktop/dbwebb-kurser/mvc/me/report/tests/Card/TwentyOneTest.php" line="62" assertions="1" time="0.000334"/>
        <testcase name="testVerifyRound" class="App\Card\TwentyOneTest" classname="App.Card.TwentyOneTest" file="/mnt/c/Users/robin/Desktop/dbwebb-kurser/mvc/me/report/tests/Card/TwentyOneTest.php" line="76" assertions="1" time="0.000319"/>
        <testcase name="testVerifyComputerRound" class="App\Card\TwentyOneTest" classname="App.Card.TwentyOneTest" file="/mnt/c/Users/robin/Desktop/dbwebb-kurser/mvc/me/report/tests/Card/TwentyOneTest.php" line="91" assertions="4" time="0.000356"/>
      </testsuite>
    </testsuite>
  </testsuite>
</testsuites>
