<?xml version="1.0" encoding="UTF-8"?>
<testsuites>
  <testsuite name="" tests="16" assertions="31" errors="0" warnings="0" failures="0" skipped="0" time="0.717522">
    <testsuite name="Project Test Suite" tests="16" assertions="31" errors="0" warnings="0" failures="0" skipped="0" time="0.717522">
      <testsuite name="App\Card\ActualPlayerTest" file="/mnt/c/Users/robin/Desktop/dbwebb-kurser/mvc/me/report/tests/Card/ActualPlayerTest.php" tests="1" assertions="2" errors="0" warnings="0" failures="0" skipped="0" time="0.386042">
        <testcase name="testCreateActualPlayer" class="App\Card\ActualPlayerTest" classname="App.Card.ActualPlayerTest" file="/mnt/c/Users/robin/Desktop/dbwebb-kurser/mvc/me/report/tests/Card/ActualPlayerTest.php" line="13" assertions="2" time="0.386042"/>
      </testsuite>
      <testsuite name="App\Card\CardTest" file="/mnt/c/Users/robin/Desktop/dbwebb-kurser/mvc/me/report/tests/Card/CardTest.php" tests="1" assertions="3" errors="0" warnings="0" failures="0" skipped="0" time="0.146641">
        <testcase name="testCreateCard" class="App\Card\CardTest" classname="App.Card.CardTest" file="/mnt/c/Users/robin/Desktop/dbwebb-kurser/mvc/me/report/tests/Card/CardTest.php" line="12" assertions="3" time="0.146641"/>
      </testsuite>
      <testsuite name="App\Card\ComputerPlayerTest" file="/mnt/c/Users/robin/Desktop/dbwebb-kurser/mvc/me/report/tests/Card/ComputerPlayerTest.php" tests="1" assertions="2" errors="0" warnings="0" failures="0" skipped="0" time="0.016408">
        <testcase name="testCreateActualPlayer" class="App\Card\ComputerPlayerTest" classname="App.Card.ComputerPlayerTest" file="/mnt/c/Users/robin/Desktop/dbwebb-kurser/mvc/me/report/tests/Card/ComputerPlayerTest.php" line="12" assertions="2" time="0.016408"/>
      </testsuite>
      <testsuite name="App\Card\DeckOfCardTest" file="/mnt/c/Users/robin/Desktop/dbwebb-kurser/mvc/me/report/tests/Card/DeckOfCardsTest.php" tests="6" assertions="10" errors="0" warnings="0" failures="0" skipped="0" time="0.115996">
        <testcase name="testCreateDeckWithoutInputCards" class="App\Card\DeckOfCardTest" classname="App.Card.DeckOfCardTest" file="/mnt/c/Users/robin/Desktop/dbwebb-kurser/mvc/me/report/tests/Card/DeckOfCardsTest.php" line="12" assertions="3" time="0.032138"/>
        <testcase name="testCreateDeckWithInputCards" class="App\Card\DeckOfCardTest" classname="App.Card.DeckOfCardTest" file="/mnt/c/Users/robin/Desktop/dbwebb-kurser/mvc/me/report/tests/Card/DeckOfCardsTest.php" line="22" assertions="2" time="0.001895"/>
        <testcase name="testGetDeckCards" class="App\Card\DeckOfCardTest" classname="App.Card.DeckOfCardTest" file="/mnt/c/Users/robin/Desktop/dbwebb-kurser/mvc/me/report/tests/Card/DeckOfCardsTest.php" line="31" assertions="2" time="0.001106"/>
        <testcase name="testShuffleDeck" class="App\Card\DeckOfCardTest" classname="App.Card.DeckOfCardTest" file="/mnt/c/Users/robin/Desktop/dbwebb-kurser/mvc/me/report/tests/Card/DeckOfCardsTest.php" line="40" assertions="1" time="0.078579"/>
        <testcase name="testRemoveCardAndReturnDeck" class="App\Card\DeckOfCardTest" classname="App.Card.DeckOfCardTest" file="/mnt/c/Users/robin/Desktop/dbwebb-kurser/mvc/me/report/tests/Card/DeckOfCardsTest.php" line="51" assertions="1" time="0.001192"/>
        <testcase name="testGetRandomCardFail" class="App\Card\DeckOfCardTest" classname="App.Card.DeckOfCardTest" file="/mnt/c/Users/robin/Desktop/dbwebb-kurser/mvc/me/report/tests/Card/DeckOfCardsTest.php" line="60" assertions="1" time="0.001086"/>
      </testsuite>
      <testsuite name="App\Card\PlayerTest" file="/mnt/c/Users/robin/Desktop/dbwebb-kurser/mvc/me/report/tests/Card/PlayerTest.php" tests="1" assertions="3" errors="0" warnings="0" failures="0" skipped="0" time="0.000318">
        <testcase name="testCreateActualPlayer" class="App\Card\PlayerTest" classname="App.Card.PlayerTest" file="/mnt/c/Users/robin/Desktop/dbwebb-kurser/mvc/me/report/tests/Card/PlayerTest.php" line="12" assertions="3" time="0.000318"/>
      </testsuite>
      <testsuite name="App\Card\TwentyOneTest" file="/mnt/c/Users/robin/Desktop/dbwebb-kurser/mvc/me/report/tests/Card/TwentyOneTest.php" tests="6" assertions="11" errors="0" warnings="0" failures="0" skipped="0" time="0.052117">
        <testcase name="testCreateTwentyOne" class="App\Card\TwentyOneTest" classname="App.Card.TwentyOneTest" file="/mnt/c/Users/robin/Desktop/dbwebb-kurser/mvc/me/report/tests/Card/TwentyOneTest.php" line="12" assertions="3" time="0.016643"/>
        <testcase name="testPlayerDraw" class="App\Card\TwentyOneTest" classname="App.Card.TwentyOneTest" file="/mnt/c/Users/robin/Desktop/dbwebb-kurser/mvc/me/report/tests/Card/TwentyOneTest.php" line="32" assertions="1" time="0.033157"/>
        <testcase name="testComputerDraw" class="App\Card\TwentyOneTest" classname="App.Card.TwentyOneTest" file="/mnt/c/Users/robin/Desktop/dbwebb-kurser/mvc/me/report/tests/Card/TwentyOneTest.php" line="47" assertions="1" time="0.001157"/>
        <testcase name="testGetCurrentGame" class="App\Card\TwentyOneTest" classname="App.Card.TwentyOneTest" file="/mnt/c/Users/robin/Desktop/dbwebb-kurser/mvc/me/report/tests/Card/TwentyOneTest.php" line="62" assertions="1" time="0.000400"/>
        <testcase name="testVerifyRound" class="App\Card\TwentyOneTest" classname="App.Card.TwentyOneTest" file="/mnt/c/Users/robin/Desktop/dbwebb-kurser/mvc/me/report/tests/Card/TwentyOneTest.php" line="76" assertions="1" time="0.000351"/>
        <testcase name="testVerifyComputerRound" class="App\Card\TwentyOneTest" classname="App.Card.TwentyOneTest" file="/mnt/c/Users/robin/Desktop/dbwebb-kurser/mvc/me/report/tests/Card/TwentyOneTest.php" line="91" assertions="4" time="0.000408"/>
      </testsuite>
    </testsuite>
  </testsuite>
</testsuites>
